<?xml version="1.0" encoding="UTF-8"?>
<testsuite name="repository.StudentRepositoryTest" tests="1" skipped="0" failures="0" errors="0" timestamp="2019-03-05T13:40:22" hostname="Teofana-PC" time="1.737">
  <properties/>
  <testcase name="test" classname="repository.StudentRepositoryTest" time="1.737"/>
  <system-out><![CDATA[2019-03-05 15:40:23,046 Test worker DEBUG Initializing configuration XmlConfiguration[location=D:\University-Courses\MPP\Tema2\build\resources\main\log4j2.xml]
2019-03-05 15:40:23,068 Test worker DEBUG Installed script engines
2019-03-05 15:40:23,362 Test worker DEBUG Oracle Nashorn Version: 1.8.0_181, Language: ECMAScript, Threading: Not Thread Safe, Compile: true, Names: {nashorn, Nashorn, js, JS, JavaScript, javascript, ECMAScript, ecmascript}
2019-03-05 15:40:23,362 Test worker DEBUG PluginManager 'Core' found 112 plugins
2019-03-05 15:40:23,369 Test worker DEBUG PluginManager 'Level' found 0 plugins
2019-03-05 15:40:23,369 Test worker DEBUG PluginManager 'Lookup' found 13 plugins
2019-03-05 15:40:23,369 Test worker DEBUG Building Plugin[name=layout, class=org.apache.logging.log4j.core.layout.PatternLayout].
2019-03-05 15:40:23,384 Test worker TRACE TypeConverterRegistry initializing.
2019-03-05 15:40:23,384 Test worker DEBUG PluginManager 'TypeConverter' found 26 plugins
2019-03-05 15:40:23,400 Test worker DEBUG PatternLayout$Builder(pattern="%d{DATE} %-5level %class{36} %L %M - %msg%n", PatternSelector=null, Configuration(D:\University-Courses\MPP\Tema2\build\resources\main\log4j2.xml), Replace=null, charset="null", alwaysWriteExceptions="null", disableAnsi="null", noConsoleNoAnsi="null", header="null", footer="null")
2019-03-05 15:40:23,400 Test worker DEBUG PluginManager 'Converter' found 41 plugins
2019-03-05 15:40:23,416 Test worker DEBUG Building Plugin[name=appender, class=org.apache.logging.log4j.core.appender.ConsoleAppender].
2019-03-05 15:40:23,447 Test worker DEBUG ConsoleAppender$Builder(target="SYSTEM_OUT", follow="null", direct="null", bufferedIo="null", bufferSize="null", immediateFlush="null", ignoreExceptions="null", PatternLayout(%d{DATE} %-5level %class{36} %L %M - %msg%n), name="Console", Configuration(D:\University-Courses\MPP\Tema2\build\resources\main\log4j2.xml), Filter=null)
2019-03-05 15:40:23,447 Test worker DEBUG Jansi is not installed, cannot find org.fusesource.jansi.WindowsAnsiOutputStream
2019-03-05 15:40:23,462 Test worker DEBUG Starting OutputStreamManager SYSTEM_OUT.false.false
2019-03-05 15:40:23,462 Test worker DEBUG Building Plugin[name=layout, class=org.apache.logging.log4j.core.layout.PatternLayout].
2019-03-05 15:40:23,469 Test worker DEBUG PatternLayout$Builder(pattern="%d{DATE} %-5level %class{36} %L %M - %msg%n", PatternSelector=null, Configuration(D:\University-Courses\MPP\Tema2\build\resources\main\log4j2.xml), Replace=null, charset="null", alwaysWriteExceptions="null", disableAnsi="null", noConsoleNoAnsi="null", header="null", footer="null")
2019-03-05 15:40:23,469 Test worker DEBUG Building Plugin[name=appender, class=org.apache.logging.log4j.core.appender.FileAppender].
2019-03-05 15:40:23,469 Test worker DEBUG FileAppender$Builder(fileName="target/test.log", append="true", locking="null", advertise="null", advertiseUri="null", createOnDemand="null", bufferedIo="null", bufferSize="null", immediateFlush="null", ignoreExceptions="null", PatternLayout(%d{DATE} %-5level %class{36} %L %M - %msg%n), name="log", Configuration(D:\University-Courses\MPP\Tema2\build\resources\main\log4j2.xml), Filter=null)
2019-03-05 15:40:23,485 Test worker DEBUG Starting FileManager target/test.log
2019-03-05 15:40:23,485 Test worker DEBUG Building Plugin[name=appenders, class=org.apache.logging.log4j.core.config.AppendersPlugin].
2019-03-05 15:40:23,485 Test worker DEBUG createAppenders(={Console, log})
2019-03-05 15:40:23,485 Test worker DEBUG Building Plugin[name=AppenderRef, class=org.apache.logging.log4j.core.config.AppenderRef].
2019-03-05 15:40:23,485 Test worker DEBUG createAppenderRef(ref="log", level="null", Filter=null)
2019-03-05 15:40:23,485 Test worker DEBUG Building Plugin[name=AppenderRef, class=org.apache.logging.log4j.core.config.AppenderRef].
2019-03-05 15:40:23,500 Test worker DEBUG createAppenderRef(ref="Console", level="null", Filter=null)
2019-03-05 15:40:23,500 Test worker DEBUG Building Plugin[name=root, class=org.apache.logging.log4j.core.config.LoggerConfig$RootLogger].
2019-03-05 15:40:23,500 Test worker DEBUG createLogger(additivity="null", level="TRACE", includeLocation="null", ={log, Console}, ={}, Configuration(D:\University-Courses\MPP\Tema2\build\resources\main\log4j2.xml), Filter=null)
2019-03-05 15:40:23,500 Test worker DEBUG Building Plugin[name=loggers, class=org.apache.logging.log4j.core.config.LoggersPlugin].
2019-03-05 15:40:23,500 Test worker DEBUG createLoggers(={root})
2019-03-05 15:40:23,516 Test worker DEBUG Configuration XmlConfiguration[location=D:\University-Courses\MPP\Tema2\build\resources\main\log4j2.xml] initialized
2019-03-05 15:40:23,516 Test worker DEBUG Starting configuration XmlConfiguration[location=D:\University-Courses\MPP\Tema2\build\resources\main\log4j2.xml]
2019-03-05 15:40:23,516 Test worker DEBUG Started configuration XmlConfiguration[location=D:\University-Courses\MPP\Tema2\build\resources\main\log4j2.xml] OK.
2019-03-05 15:40:23,516 Test worker TRACE Stopping org.apache.logging.log4j.core.config.DefaultConfiguration@a5c34e...
2019-03-05 15:40:23,516 Test worker TRACE DefaultConfiguration notified 1 ReliabilityStrategies that config will be stopped.
2019-03-05 15:40:23,516 Test worker TRACE DefaultConfiguration stopping root LoggerConfig.
2019-03-05 15:40:23,516 Test worker TRACE DefaultConfiguration notifying ReliabilityStrategies that appenders will be stopped.
2019-03-05 15:40:23,516 Test worker TRACE DefaultConfiguration stopping remaining Appenders.
2019-03-05 15:40:23,516 Test worker DEBUG Shutting down OutputStreamManager SYSTEM_OUT.false.false-1
2019-03-05 15:40:23,516 Test worker DEBUG Shut down OutputStreamManager SYSTEM_OUT.false.false-1, all resources released: true
2019-03-05 15:40:23,531 Test worker DEBUG Appender DefaultConsole-1 stopped with status true
2019-03-05 15:40:23,531 Test worker TRACE DefaultConfiguration stopped 1 remaining Appenders.
2019-03-05 15:40:23,531 Test worker TRACE DefaultConfiguration cleaning Appenders from 1 LoggerConfigs.
2019-03-05 15:40:23,531 Test worker DEBUG Stopped org.apache.logging.log4j.core.config.DefaultConfiguration@a5c34e OK
2019-03-05 15:40:23,599 Test worker TRACE Reregistering MBeans after reconfigure. Selector=org.apache.logging.log4j.core.selector.ClassLoaderContextSelector@a0c062
2019-03-05 15:40:23,599 Test worker TRACE Reregistering context (1/1): '1d16e93' org.apache.logging.log4j.core.LoggerContext@1e39b5
2019-03-05 15:40:23,599 Test worker TRACE Unregistering but no MBeans found matching 'org.apache.logging.log4j2:type=1d16e93'
2019-03-05 15:40:23,599 Test worker TRACE Unregistering but no MBeans found matching 'org.apache.logging.log4j2:type=1d16e93,component=StatusLogger'
2019-03-05 15:40:23,609 Test worker TRACE Unregistering but no MBeans found matching 'org.apache.logging.log4j2:type=1d16e93,component=ContextSelector'
2019-03-05 15:40:23,609 Test worker TRACE Unregistering but no MBeans found matching 'org.apache.logging.log4j2:type=1d16e93,component=Loggers,name=*'
2019-03-05 15:40:23,609 Test worker TRACE Unregistering but no MBeans found matching 'org.apache.logging.log4j2:type=1d16e93,component=Appenders,name=*'
2019-03-05 15:40:23,609 Test worker TRACE Unregistering but no MBeans found matching 'org.apache.logging.log4j2:type=1d16e93,component=AsyncAppenders,name=*'
2019-03-05 15:40:23,609 Test worker TRACE Unregistering but no MBeans found matching 'org.apache.logging.log4j2:type=1d16e93,component=AsyncLoggerRingBuffer'
2019-03-05 15:40:23,609 Test worker TRACE Unregistering but no MBeans found matching 'org.apache.logging.log4j2:type=1d16e93,component=Loggers,name=*,subtype=RingBuffer'
2019-03-05 15:40:23,609 Test worker DEBUG Registering MBean org.apache.logging.log4j2:type=1d16e93
2019-03-05 15:40:23,609 Test worker DEBUG Registering MBean org.apache.logging.log4j2:type=1d16e93,component=StatusLogger
2019-03-05 15:40:23,609 Test worker DEBUG Registering MBean org.apache.logging.log4j2:type=1d16e93,component=ContextSelector
2019-03-05 15:40:23,609 Test worker DEBUG Registering MBean org.apache.logging.log4j2:type=1d16e93,component=Loggers,name=
2019-03-05 15:40:23,609 Test worker DEBUG Registering MBean org.apache.logging.log4j2:type=1d16e93,component=Appenders,name=Console
2019-03-05 15:40:23,625 Test worker DEBUG Registering MBean org.apache.logging.log4j2:type=1d16e93,component=Appenders,name=log
2019-03-05 15:40:23,625 Test worker TRACE Using default SystemClock for timestamps.
2019-03-05 15:40:23,625 Test worker TRACE Using DummyNanoClock for nanosecond timestamps.
2019-03-05 15:40:23,625 Test worker DEBUG Reconfiguration complete for context[name=1d16e93] at URI D:\University-Courses\MPP\Tema2\build\resources\main\log4j2.xml (org.apache.logging.log4j.core.LoggerContext@1e39b5) with optional ClassLoader: null
2019-03-05 15:40:23,625 Test worker DEBUG Shutdown hook enabled. Registering a new one.
2019-03-05 15:40:23,625 Test worker DEBUG LoggerContext[name=1d16e93, org.apache.logging.log4j.core.LoggerContext@1e39b5] started OK.
05 Mar 2019 15:40:23,672 INFO  repository.StudentRepository 22 <init> - Initializing StudentRepository with properties: {url="jdbc:sqlite:catalog.db"} 
05 Mar 2019 15:40:23,672 TRACE repository.StudentRepository 46 save - Enter saving student domain.Student@f142b2c8 
05 Mar 2019 15:40:23,672 TRACE repository.jdbcUtils.JdbcUtils 44 getConnection - Enter
05 Mar 2019 15:40:23,688 INFO  repository.jdbcUtils.JdbcUtils 31 getNewConnection - Loaded driver ...org.sqlite.JDBC
05 Mar 2019 15:40:23,926 TRACE repository.jdbcUtils.JdbcUtils 53 getConnection - Exit with(org.sqlite.SQLiteConnection@197ff1)
05 Mar 2019 15:40:23,973 ERROR repository.StudentRepository 55 save - org.sqlite.SQLiteException: [SQLITE_CONSTRAINT_PRIMARYKEY]  A PRIMARY KEY constraint failed (UNIQUE constraint failed: Studenti.nrMatricol)
Error DB org.sqlite.SQLiteException: [SQLITE_CONSTRAINT_PRIMARYKEY]  A PRIMARY KEY constraint failed (UNIQUE constraint failed: Studenti.nrMatricol)
05 Mar 2019 15:40:23,973 TRACE repository.StudentRepository 58 save - Exit
05 Mar 2019 15:40:23,973 TRACE repository.StudentRepository 28 size - Enter
05 Mar 2019 15:40:23,973 TRACE repository.jdbcUtils.JdbcUtils 44 getConnection - Enter
05 Mar 2019 15:40:23,973 TRACE repository.jdbcUtils.JdbcUtils 53 getConnection - Exit with(org.sqlite.SQLiteConnection@197ff1)
05 Mar 2019 15:40:23,973 TRACE repository.StudentRepository 33 size - Exit with(4)
05 Mar 2019 15:40:23,973 TRACE repository.StudentRepository 106 findOne - Enter finding student with nrMAtricol 6 
05 Mar 2019 15:40:23,973 TRACE repository.jdbcUtils.JdbcUtils 44 getConnection - Enter
05 Mar 2019 15:40:23,973 TRACE repository.jdbcUtils.JdbcUtils 53 getConnection - Exit with(org.sqlite.SQLiteConnection@197ff1)
05 Mar 2019 15:40:23,973 TRACE repository.StudentRepository 118 findOne - Exit with(domain.Student@f142b2c8)
05 Mar 2019 15:40:23,973 TRACE repository.StudentRepository 78 update - Enter updating student with 6
05 Mar 2019 15:40:23,973 TRACE repository.jdbcUtils.JdbcUtils 44 getConnection - Enter
05 Mar 2019 15:40:23,973 TRACE repository.jdbcUtils.JdbcUtils 53 getConnection - Exit with(org.sqlite.SQLiteConnection@197ff1)
05 Mar 2019 15:40:23,973 TRACE repository.StudentRepository 106 findOne - Enter finding student with nrMAtricol 6 
05 Mar 2019 15:40:23,973 TRACE repository.jdbcUtils.JdbcUtils 44 getConnection - Enter
05 Mar 2019 15:40:23,973 TRACE repository.jdbcUtils.JdbcUtils 53 getConnection - Exit with(org.sqlite.SQLiteConnection@197ff1)
05 Mar 2019 15:40:23,988 TRACE repository.StudentRepository 118 findOne - Exit with(domain.Student@f142b2c8)
05 Mar 2019 15:40:24,174 TRACE repository.StudentRepository 101 update - Exit
05 Mar 2019 15:40:24,174 TRACE repository.StudentRepository 106 findOne - Enter finding student with nrMAtricol 6 
05 Mar 2019 15:40:24,174 TRACE repository.jdbcUtils.JdbcUtils 44 getConnection - Enter
05 Mar 2019 15:40:24,174 TRACE repository.jdbcUtils.JdbcUtils 53 getConnection - Exit with(org.sqlite.SQLiteConnection@197ff1)
05 Mar 2019 15:40:24,174 TRACE repository.StudentRepository 118 findOne - Exit with(domain.Student@753e6458)
05 Mar 2019 15:40:24,174 TRACE repository.StudentRepository 64 delete - Enter deleting student with 6
05 Mar 2019 15:40:24,174 TRACE repository.jdbcUtils.JdbcUtils 44 getConnection - Enter
05 Mar 2019 15:40:24,174 TRACE repository.jdbcUtils.JdbcUtils 53 getConnection - Exit with(org.sqlite.SQLiteConnection@197ff1)
05 Mar 2019 15:40:24,290 TRACE repository.StudentRepository 73 delete - Exit
05 Mar 2019 15:40:24,290 TRACE repository.StudentRepository 28 size - Enter
05 Mar 2019 15:40:24,290 TRACE repository.jdbcUtils.JdbcUtils 44 getConnection - Enter
05 Mar 2019 15:40:24,290 TRACE repository.jdbcUtils.JdbcUtils 53 getConnection - Exit with(org.sqlite.SQLiteConnection@197ff1)
05 Mar 2019 15:40:24,290 TRACE repository.StudentRepository 33 size - Exit with(3)
]]></system-out>
  <system-err><![CDATA[]]></system-err>
</testsuite>
